<?xml version='1.0'?>
<ns2:test-suite xmlns:ns2='urn:model.allure.qatools.yandex.ru' start='1614874993891' stop='1614874994028'>
    <name>Automation practice website registration: As a user, I can log into the secure area</name>
    <title>Automation practice website registration: As a user, I can log into the secure area</title>
    <test-cases>
        <test-case start='1614874993893' status='passed' stop='1614874993900'>
            <name></name>
            <title></title>
            <labels>
                <label name='language' value='javascript'/>
                <label name='framework' value='wdio'/>
                <label name='thread' value='0-0'/>
            </labels>
            <parameters>
                <parameter kind='argument' name='browser' value='chrome-89.0.4389.72'/>
            </parameters>
            <steps/>
            <attachments/>
        </test-case>
        <test-case start='1614874993900' status='passed' stop='1614874993930'>
            <name>Given I am on the home page</name>
            <title>Given I am on the home page</title>
            <labels>
                <label name='language' value='javascript'/>
                <label name='framework' value='wdio'/>
                <label name='thread' value='0-0'/>
            </labels>
            <parameters>
                <parameter kind='argument' name='browser' value='chrome-89.0.4389.72'/>
            </parameters>
            <steps>
                <step start='1614874993908' status='undefined'>
                    <name>POST /session/:sessionId/url</name>
                    <title>POST /session/:sessionId/url</title>
                    <attachments>
                        <attachment title='Request' source='eeec4280-805d-4133-a321-5097dfcb7661-attachment.json' type='application/json' size='54'/>
                    </attachments>
                    <steps/>
                </step>
            </steps>
            <attachments/>
        </test-case>
        <test-case start='1614874993931' status='broken' stop='1614874994023'>
            <name>When I click on signin button</name>
            <title>When I click on signin button</title>
            <labels>
                <label name='language' value='javascript'/>
                <label name='framework' value='wdio'/>
                <label name='thread' value='0-0'/>
            </labels>
            <parameters>
                <parameter kind='argument' name='browser' value='chrome-89.0.4389.72'/>
            </parameters>
            <steps>
                <step start='1614874994008' status='broken' stop='1614874994023'>
                    <name>POST /session/:sessionId/element</name>
                    <title>POST /session/:sessionId/element</title>
                    <attachments>
                        <attachment title='Request' source='3336a8a0-6f3e-4422-b196-519e17ab091a-attachment.json' type='application/json' size='51'/>
                    </attachments>
                    <steps/>
                </step>
            </steps>
            <attachments/>
            <failure>
                <message>TypeError: LandingPage.clickonsignin.click is not a function</message>
                <stack-trace>TypeError: LandingPage.clickonsignin.click is not a function
                    at World.&lt;anonymous> (C:\Users\SHARATH\cucumber\features\step-definitions\steps.js:12:34)
                    at World.executeAsync (C:\Users\SHARATH\cucumber\node_modules\@wdio\utils\build\shim.js:137:25)
                    at World.exports.testFrameworkFnWrapper (C:\Users\SHARATH\cucumber\node_modules\@wdio\utils\build\test-framework\testFnWrapper.js:44:32)</stack-trace>
            </failure>
        </test-case>
        <test-case start='1614874994024' status='broken' stop='1614874994024'>
            <name>Then it takes me to create account page</name>
            <title>Then it takes me to create account page</title>
            <labels>
                <label name='language' value='javascript'/>
                <label name='framework' value='wdio'/>
                <label name='thread' value='0-0'/>
            </labels>
            <parameters>
                <parameter kind='argument' name='browser' value='chrome-89.0.4389.72'/>
            </parameters>
            <steps/>
            <attachments/>
            <failure>
                <message>Step "it takes me to create account page" is not defined. You can ignore this error by setting cucumberOpts.ignoreUndefinedDefinitions as true.</message>
                <stack-trace>Step "it takes me to create account page" is not defined. You can ignore this error by setting cucumberOpts.ignoreUndefinedDefinitions as true.
                	at Feature(C:\Users\SHARATH\cucumber\features\login.feature):1:1
                	at Scenario(As a user, I can log into the secure area):3:3
                	at Step(it takes me to create account page):7:5
                </stack-trace>
            </failure>
        </test-case>
        <test-case start='1614874994024' status='passed' stop='1614874994026'>
            <name></name>
            <title></title>
            <labels>
                <label name='language' value='javascript'/>
                <label name='framework' value='wdio'/>
                <label name='thread' value='0-0'/>
            </labels>
            <parameters>
                <parameter kind='argument' name='browser' value='chrome-89.0.4389.72'/>
            </parameters>
            <steps/>
            <attachments/>
        </test-case>
    </test-cases>
</ns2:test-suite>